<?xml version="1.0" encoding="UTF-8"?>
<testng-results skipped="0" failed="0" ignored="0" total="1" passed="1">
  <reporter-output>
  </reporter-output>
  <suite name="Suite" duration-ms="14042" started-at="2018-06-08T08:14:36Z" finished-at="2018-06-08T08:14:50Z">
    <groups>
    </groups>
    <test name="Test" duration-ms="14042" started-at="2018-06-08T08:14:36Z" finished-at="2018-06-08T08:14:50Z">
      <class name="Exampl">
        <test-method status="PASS" signature="m()[pri:0, instance:Exampl@7c16905e]" name="m" duration-ms="14011" started-at="2018-06-08T13:44:36Z" finished-at="2018-06-08T13:44:50Z">
          <reporter-output>
          </reporter-output>
        </test-method> <!-- m -->
      </class> <!-- Exampl -->
    </test> <!-- Test -->
  </suite> <!-- Suite -->
</testng-results>
