<?xml version="1.0" encoding="UTF-8"?>
<testng-results skipped="0" failed="0" ignored="0" total="1" passed="1">
  <reporter-output>
  </reporter-output>
  <suite name="Suite" duration-ms="13521" started-at="2018-06-07T11:56:48Z" finished-at="2018-06-07T11:57:02Z">
    <groups>
    </groups>
    <test name="Test" duration-ms="13521" started-at="2018-06-07T11:56:48Z" finished-at="2018-06-07T11:57:02Z">
      <class name="Exampl">
        <test-method status="PASS" signature="m()[pri:0, instance:Exampl@7c16905e]" name="m" duration-ms="13487" started-at="2018-06-07T17:26:48Z" finished-at="2018-06-07T17:27:02Z">
          <reporter-output>
          </reporter-output>
        </test-method> <!-- m -->
      </class> <!-- Exampl -->
    </test> <!-- Test -->
  </suite> <!-- Suite -->
</testng-results>
